Determining if the pthread_create exist failed with the following output:
Change Dir: /home/chenyidong/newstart2/interior_point_qp-master/rosenfunction/TridiagonalMatrixSolver-master/CMakeFiles/CMakeTmp

Run Build Command:"/usr/bin/make" "cmTC_573cb/fast"
/usr/bin/make -f CMakeFiles/cmTC_573cb.dir/build.make CMakeFiles/cmTC_573cb.dir/build
make[1]: Entering directory '/home/chenyidong/newstart2/interior_point_qp-master/rosenfunction/TridiagonalMatrixSolver-master/CMakeFiles/CMakeTmp'
Building C object CMakeFiles/cmTC_573cb.dir/CheckSymbolExists.c.o
/usr/bin/gcc   -fPIC    -o CMakeFiles/cmTC_573cb.dir/CheckSymbolExists.c.o   -c /home/chenyidong/newstart2/interior_point_qp-master/rosenfunction/TridiagonalMatrixSolver-master/CMakeFiles/CMakeTmp/CheckSymbolExists.c
Linking C executable cmTC_573cb
/usr/bin/cmake -E cmake_link_script CMakeFiles/cmTC_573cb.dir/link.txt --verbose=1
/usr/bin/gcc -fPIC      CMakeFiles/cmTC_573cb.dir/CheckSymbolExists.c.o  -o cmTC_573cb 
CMakeFiles/cmTC_573cb.dir/CheckSymbolExists.c.o: In function `main':
CheckSymbolExists.c:(.text+0x1b): undefined reference to `pthread_create'
collect2: error: ld returned 1 exit status
CMakeFiles/cmTC_573cb.dir/build.make:97: recipe for target 'cmTC_573cb' failed
make[1]: *** [cmTC_573cb] Error 1
make[1]: Leaving directory '/home/chenyidong/newstart2/interior_point_qp-master/rosenfunction/TridiagonalMatrixSolver-master/CMakeFiles/CMakeTmp'
Makefile:126: recipe for target 'cmTC_573cb/fast' failed
make: *** [cmTC_573cb/fast] Error 2

File /home/chenyidong/newstart2/interior_point_qp-master/rosenfunction/TridiagonalMatrixSolver-master/CMakeFiles/CMakeTmp/CheckSymbolExists.c:
/* */
#include <pthread.h>

int main(int argc, char** argv)
{
  (void)argv;
#ifndef pthread_create
  return ((int*)(&pthread_create))[argc];
#else
  (void)argc;
  return 0;
#endif
}

Determining if the function pthread_create exists in the pthreads failed with the following output:
Change Dir: /home/chenyidong/newstart2/interior_point_qp-master/rosenfunction/TridiagonalMatrixSolver-master/CMakeFiles/CMakeTmp

Run Build Command:"/usr/bin/make" "cmTC_47996/fast"
/usr/bin/make -f CMakeFiles/cmTC_47996.dir/build.make CMakeFiles/cmTC_47996.dir/build
make[1]: Entering directory '/home/chenyidong/newstart2/interior_point_qp-master/rosenfunction/TridiagonalMatrixSolver-master/CMakeFiles/CMakeTmp'
Building C object CMakeFiles/cmTC_47996.dir/CheckFunctionExists.c.o
/usr/bin/gcc   -fPIC -DCHECK_FUNCTION_EXISTS=pthread_create   -o CMakeFiles/cmTC_47996.dir/CheckFunctionExists.c.o   -c /usr/share/cmake-3.10/Modules/CheckFunctionExists.c
Linking C executable cmTC_47996
/usr/bin/cmake -E cmake_link_script CMakeFiles/cmTC_47996.dir/link.txt --verbose=1
/usr/bin/gcc -fPIC -DCHECK_FUNCTION_EXISTS=pthread_create     CMakeFiles/cmTC_47996.dir/CheckFunctionExists.c.o  -o cmTC_47996 -lpthreads 
/usr/bin/ld: cannot find -lpthreads
collect2: error: ld returned 1 exit status
CMakeFiles/cmTC_47996.dir/build.make:97: recipe for target 'cmTC_47996' failed
make[1]: *** [cmTC_47996] Error 1
make[1]: Leaving directory '/home/chenyidong/newstart2/interior_point_qp-master/rosenfunction/TridiagonalMatrixSolver-master/CMakeFiles/CMakeTmp'
Makefile:126: recipe for target 'cmTC_47996/fast' failed
make: *** [cmTC_47996/fast] Error 2


Determining if the pthread_create exist failed with the following output:
Change Dir: /home/chenyidong/newstart2/interior_point_qp-master/rosenfunction/TridiagonalMatrixSolver-master/CMakeFiles/CMakeTmp

Run Build Command:"/usr/bin/make" "cmTC_37882/fast"
make[1]: Entering directory '/home/chenyidong/newstart2/interior_point_qp-master/rosenfunction/TridiagonalMatrixSolver-master/CMakeFiles/CMakeTmp'
/usr/bin/make -f CMakeFiles/cmTC_37882.dir/build.make CMakeFiles/cmTC_37882.dir/build
make[2]: Entering directory '/home/chenyidong/newstart2/interior_point_qp-master/rosenfunction/TridiagonalMatrixSolver-master/CMakeFiles/CMakeTmp'
/usr/bin/cmake: /home/chenyidong/anaconda3/lib/libcurl.so.4: no version information available (required by /usr/bin/cmake)
Building C object CMakeFiles/cmTC_37882.dir/CheckSymbolExists.c.o
/usr/bin/cc   -fPIC    -o CMakeFiles/cmTC_37882.dir/CheckSymbolExists.c.o   -c /home/chenyidong/newstart2/interior_point_qp-master/rosenfunction/TridiagonalMatrixSolver-master/CMakeFiles/CMakeTmp/CheckSymbolExists.c
/usr/bin/cmake: /home/chenyidong/anaconda3/lib/libcurl.so.4: no version information available (required by /usr/bin/cmake)
Linking C executable cmTC_37882
/usr/bin/cmake -E cmake_link_script CMakeFiles/cmTC_37882.dir/link.txt --verbose=1
/usr/bin/cmake: /home/chenyidong/anaconda3/lib/libcurl.so.4: no version information available (required by /usr/bin/cmake)
/usr/bin/cc -fPIC      CMakeFiles/cmTC_37882.dir/CheckSymbolExists.c.o  -o cmTC_37882 
CMakeFiles/cmTC_37882.dir/CheckSymbolExists.c.o: In function `main':
CheckSymbolExists.c:(.text+0x1b): undefined reference to `pthread_create'
collect2: error: ld returned 1 exit status
CMakeFiles/cmTC_37882.dir/build.make:97: recipe for target 'cmTC_37882' failed
make[2]: *** [cmTC_37882] Error 1
make[2]: Leaving directory '/home/chenyidong/newstart2/interior_point_qp-master/rosenfunction/TridiagonalMatrixSolver-master/CMakeFiles/CMakeTmp'
Makefile:126: recipe for target 'cmTC_37882/fast' failed
make[1]: *** [cmTC_37882/fast] Error 2
make[1]: Leaving directory '/home/chenyidong/newstart2/interior_point_qp-master/rosenfunction/TridiagonalMatrixSolver-master/CMakeFiles/CMakeTmp'

File /home/chenyidong/newstart2/interior_point_qp-master/rosenfunction/TridiagonalMatrixSolver-master/CMakeFiles/CMakeTmp/CheckSymbolExists.c:
/* */
#include <pthread.h>

int main(int argc, char** argv)
{
  (void)argv;
#ifndef pthread_create
  return ((int*)(&pthread_create))[argc];
#else
  (void)argc;
  return 0;
#endif
}

Determining if the function pthread_create exists in the pthreads failed with the following output:
Change Dir: /home/chenyidong/newstart2/interior_point_qp-master/rosenfunction/TridiagonalMatrixSolver-master/CMakeFiles/CMakeTmp

Run Build Command:"/usr/bin/make" "cmTC_64a38/fast"
make[1]: Entering directory '/home/chenyidong/newstart2/interior_point_qp-master/rosenfunction/TridiagonalMatrixSolver-master/CMakeFiles/CMakeTmp'
/usr/bin/make -f CMakeFiles/cmTC_64a38.dir/build.make CMakeFiles/cmTC_64a38.dir/build
make[2]: Entering directory '/home/chenyidong/newstart2/interior_point_qp-master/rosenfunction/TridiagonalMatrixSolver-master/CMakeFiles/CMakeTmp'
/usr/bin/cmake: /home/chenyidong/anaconda3/lib/libcurl.so.4: no version information available (required by /usr/bin/cmake)
Building C object CMakeFiles/cmTC_64a38.dir/CheckFunctionExists.c.o
/usr/bin/cc   -fPIC -DCHECK_FUNCTION_EXISTS=pthread_create   -o CMakeFiles/cmTC_64a38.dir/CheckFunctionExists.c.o   -c /usr/share/cmake-3.10/Modules/CheckFunctionExists.c
/usr/bin/cmake: /home/chenyidong/anaconda3/lib/libcurl.so.4: no version information available (required by /usr/bin/cmake)
Linking C executable cmTC_64a38
/usr/bin/cmake -E cmake_link_script CMakeFiles/cmTC_64a38.dir/link.txt --verbose=1
/usr/bin/cmake: /home/chenyidong/anaconda3/lib/libcurl.so.4: no version information available (required by /usr/bin/cmake)
/usr/bin/cc -fPIC -DCHECK_FUNCTION_EXISTS=pthread_create     CMakeFiles/cmTC_64a38.dir/CheckFunctionExists.c.o  -o cmTC_64a38 -lpthreads 
/usr/bin/ld: cannot find -lpthreads
collect2: error: ld returned 1 exit status
CMakeFiles/cmTC_64a38.dir/build.make:97: recipe for target 'cmTC_64a38' failed
make[2]: *** [cmTC_64a38] Error 1
make[2]: Leaving directory '/home/chenyidong/newstart2/interior_point_qp-master/rosenfunction/TridiagonalMatrixSolver-master/CMakeFiles/CMakeTmp'
Makefile:126: recipe for target 'cmTC_64a38/fast' failed
make[1]: *** [cmTC_64a38/fast] Error 2
make[1]: Leaving directory '/home/chenyidong/newstart2/interior_point_qp-master/rosenfunction/TridiagonalMatrixSolver-master/CMakeFiles/CMakeTmp'


